<?xml version="1.0" encoding="UTF-8"?>
<!-- Generated by org.testng.reporters.JUnitReportReporter -->
<testsuite hostname="DESKTOP-8GQ3KA3" failures="0" tests="2" name="testscenarios.TC001_Login" time="23.672" errors="0" timestamp="2023-12-19T10:46:49 IST" skipped="0">
  <testcase classname="testscenarios.TC001_Login" name="loginWithValidCredential" time="22.495"/>
  <testcase classname="testscenarios.TC001_Login" name="loginWithInValidCredential" time="1.177"/>
</testsuite> <!-- testscenarios.TC001_Login -->
